4OYY6AT2N9B0WB5X
Result before parsing the json data :
 {'Global Quote': {'01. symbol': 'VZ', '02. open': '58.6000', '03. high': '59.0900', '04. low': '58.5900', '05. price': '58.9600', '06. volume': '8061476', '07. latest trading day': '2020-08-20', '08. previous close': '59.0500', '09. change': '-0.0900', '10. change percent': '-0.1524%'}}
Parsed as :
 {'01. symbol': 'VZ', '02. open': '58.6000', '03. high': '59.0900', '04. low': '58.5900', '05. price': '58.9600', '06. volume': '8061476', '07. latest trading day': '2020-08-20', '08. previous close': '59.0500', '09. change': '-0.0900', '10. change percent': '-0.1524%'}
Lenght  10
Realtime share price for VZ price 58.9600 change -0.0900
                     1. open  4. close
Date                                  
2020-08-20 20:00:00  59.1800     59.18
2020-08-20 18:55:00  58.8900     58.89
2020-08-20 18:40:00  58.8900     58.89
2020-08-20 18:35:00  58.8900     58.89
2020-08-20 17:40:00  58.9000     58.90
...                      ...       ...
2020-08-20 09:20:00  59.0000     59.00
2020-08-20 09:15:00  59.0700     59.08
2020-08-20 09:10:00  59.0401     59.04
2020-08-20 09:05:00  59.0500     59.04
2020-08-20 08:20:00  58.8700     58.87

[100 rows x 2 columns]
            1. open  4. close
Date                         
2020-08-20    57.87     58.96
2020-07-31    55.09     57.48
2020-06-30    56.70     55.13
2020-05-29    57.76     57.38
2020-04-30    52.50     57.45
...             ...       ...
2000-04-28    61.75     60.00
2000-03-31    53.13     61.13
2000-02-29    60.75     48.94
2000-01-31    60.63     61.94
1999-12-31    63.25     61.56

[249 rows x 2 columns]
===========
4OYY6AT2N9B0WB5X
Result before parsing the json data :
 {'Global Quote': {'01. symbol': 'VZ', '02. open': '58.6000', '03. high': '59.0900', '04. low': '58.5900', '05. price': '58.9600', '06. volume': '8061476', '07. latest trading day': '2020-08-20', '08. previous close': '59.0500', '09. change': '-0.0900', '10. change percent': '-0.1524%'}}
Parsed as :
 {'01. symbol': 'VZ', '02. open': '58.6000', '03. high': '59.0900', '04. low': '58.5900', '05. price': '58.9600', '06. volume': '8061476', '07. latest trading day': '2020-08-20', '08. previous close': '59.0500', '09. change': '-0.0900', '10. change percent': '-0.1524%'}
Lenght  10
Realtime share price for VZ price 58.9600 change -0.0900
                     1. open  4. close
Date                                  
2020-08-20 20:00:00  59.1800     59.18
2020-08-20 18:55:00  58.8900     58.89
2020-08-20 18:40:00  58.8900     58.89
2020-08-20 18:35:00  58.8900     58.89
2020-08-20 17:40:00  58.9000     58.90
...                      ...       ...
2020-08-20 09:20:00  59.0000     59.00
2020-08-20 09:15:00  59.0700     59.08
2020-08-20 09:10:00  59.0401     59.04
2020-08-20 09:05:00  59.0500     59.04
2020-08-20 08:20:00  58.8700     58.87

[100 rows x 2 columns]
            1. open  4. close
Date                         
2020-08-20    57.87     58.96
2020-07-31    55.09     57.48
2020-06-30    56.70     55.13
2020-05-29    57.76     57.38
2020-04-30    52.50     57.45
...             ...       ...
2000-04-28    61.75     60.00
2000-03-31    53.13     61.13
2000-02-29    60.75     48.94
2000-01-31    60.63     61.94
1999-12-31    63.25     61.56

[249 rows x 2 columns]
4OYY6AT2N9B0WB5X
Result before parsing the json data :
 {'Global Quote': {'01. symbol': 'VZ', '02. open': '58.6000', '03. high': '59.0900', '04. low': '58.5900', '05. price': '58.9600', '06. volume': '8061476', '07. latest trading day': '2020-08-20', '08. previous close': '59.0500', '09. change': '-0.0900', '10. change percent': '-0.1524%'}}
Parsed as :
 {'01. symbol': 'VZ', '02. open': '58.6000', '03. high': '59.0900', '04. low': '58.5900', '05. price': '58.9600', '06. volume': '8061476', '07. latest trading day': '2020-08-20', '08. previous close': '59.0500', '09. change': '-0.0900', '10. change percent': '-0.1524%'}
Lenght  10
Realtime share price for VZ price 58.9600 change -0.0900
                     1. open  4. close
Date                                  
2020-08-20 20:00:00  59.1800     59.18
2020-08-20 18:55:00  58.8900     58.89
2020-08-20 18:40:00  58.8900     58.89
2020-08-20 18:35:00  58.8900     58.89
2020-08-20 17:40:00  58.9000     58.90
...                      ...       ...
2020-08-20 09:20:00  59.0000     59.00
2020-08-20 09:15:00  59.0700     59.08
2020-08-20 09:10:00  59.0401     59.04
2020-08-20 09:05:00  59.0500     59.04
2020-08-20 08:20:00  58.8700     58.87

[100 rows x 2 columns]
            1. open  4. close
Date                         
2020-08-20    57.87     58.96
2020-07-31    55.09     57.48
2020-06-30    56.70     55.13
2020-05-29    57.76     57.38
2020-04-30    52.50     57.45
...             ...       ...
2000-04-28    61.75     60.00
2000-03-31    53.13     61.13
2000-02-29    60.75     48.94
2000-01-31    60.63     61.94
1999-12-31    63.25     61.56

[249 rows x 2 columns]
===========
4OYY6AT2N9B0WB5X
Result before parsing the json data :
 {'Global Quote': {'01. symbol': 'VZ', '02. open': '58.6000', '03. high': '59.0900', '04. low': '58.5900', '05. price': '58.9600', '06. volume': '8061476', '07. latest trading day': '2020-08-20', '08. previous close': '59.0500', '09. change': '-0.0900', '10. change percent': '-0.1524%'}}
Parsed as :
 {'01. symbol': 'VZ', '02. open': '58.6000', '03. high': '59.0900', '04. low': '58.5900', '05. price': '58.9600', '06. volume': '8061476', '07. latest trading day': '2020-08-20', '08. previous close': '59.0500', '09. change': '-0.0900', '10. change percent': '-0.1524%'}
Lenght  10
Realtime share price for VZ price 58.9600 change -0.0900
                     1. open  4. close
Date                                  
2020-08-20 20:00:00  59.1800     59.18
2020-08-20 18:55:00  58.8900     58.89
2020-08-20 18:40:00  58.8900     58.89
2020-08-20 18:35:00  58.8900     58.89
2020-08-20 17:40:00  58.9000     58.90
...                      ...       ...
2020-08-20 09:20:00  59.0000     59.00
2020-08-20 09:15:00  59.0700     59.08
2020-08-20 09:10:00  59.0401     59.04
2020-08-20 09:05:00  59.0500     59.04
2020-08-20 08:20:00  58.8700     58.87

[100 rows x 2 columns]
            1. open  4. close
Date                         
2020-08-20    57.87     58.96
2020-07-31    55.09     57.48
2020-06-30    56.70     55.13
2020-05-29    57.76     57.38
2020-04-30    52.50     57.45
...             ...       ...
2000-04-28    61.75     60.00
2000-03-31    53.13     61.13
2000-02-29    60.75     48.94
2000-01-31    60.63     61.94
1999-12-31    63.25     61.56

[249 rows x 2 columns]
===========
4OYY6AT2N9B0WB5X
Result before parsing the json data :
 {'Global Quote': {'01. symbol': 'AAPL', '02. open': '463.0000', '03. high': '473.5680', '04. low': '462.9335', '05. price': '473.1000', '06. volume': '31726797', '07. latest trading day': '2020-08-20', '08. previous close': '462.8300', '09. change': '10.2700', '10. change percent': '2.2190%'}}
Parsed as :
 {'01. symbol': 'AAPL', '02. open': '463.0000', '03. high': '473.5680', '04. low': '462.9335', '05. price': '473.1000', '06. volume': '31726797', '07. latest trading day': '2020-08-20', '08. previous close': '462.8300', '09. change': '10.2700', '10. change percent': '2.2190%'}
Lenght  10
Realtime share price for AAPL price 473.1000 change 10.2700
                      1. open  4. close
Date                                   
2020-08-20 20:00:00  476.2700  476.5500
2020-08-20 19:55:00  475.9500  476.1600
2020-08-20 19:50:00  475.9000  475.9500
2020-08-20 19:45:00  475.9501  475.9000
2020-08-20 19:40:00  475.9600  475.9500
...                       ...       ...
2020-08-20 12:05:00  469.2800  469.3300
2020-08-20 12:00:00  469.2100  469.2650
2020-08-20 11:55:00  468.8935  469.2201
2020-08-20 11:50:00  469.2200  468.8612
2020-08-20 11:45:00  469.4100  469.2367

[100 rows x 2 columns]
            1. open  4. close
Date                         
2020-08-20   432.80    473.10
2020-07-31   365.12    425.04
2020-06-30   317.75    364.80
2020-05-29   286.25    317.94
2020-04-30   246.50    293.80
...             ...       ...
2000-04-28   135.50    124.06
2000-03-31   118.56    135.81
2000-02-29   104.00    114.62
2000-01-31   104.87    103.75
1999-12-31   101.00    102.81

[249 rows x 2 columns]
===========
4OYY6AT2N9B0WB5X
Result before parsing the json data :
 {'Global Quote': {'01. symbol': 'AAPL', '02. open': '463.0000', '03. high': '473.5680', '04. low': '462.9335', '05. price': '473.1000', '06. volume': '31726797', '07. latest trading day': '2020-08-20', '08. previous close': '462.8300', '09. change': '10.2700', '10. change percent': '2.2190%'}}
Parsed as :
 {'01. symbol': 'AAPL', '02. open': '463.0000', '03. high': '473.5680', '04. low': '462.9335', '05. price': '473.1000', '06. volume': '31726797', '07. latest trading day': '2020-08-20', '08. previous close': '462.8300', '09. change': '10.2700', '10. change percent': '2.2190%'}
Lenght  10
Realtime share price for AAPL price 473.1000 change 10.2700
                      1. open  4. close
Date                                   
2020-08-20 20:00:00  476.2700  476.5500
2020-08-20 19:55:00  475.9500  476.1600
2020-08-20 19:50:00  475.9000  475.9500
2020-08-20 19:45:00  475.9501  475.9000
2020-08-20 19:40:00  475.9600  475.9500
...                       ...       ...
2020-08-20 12:05:00  469.2800  469.3300
2020-08-20 12:00:00  469.2100  469.2650
2020-08-20 11:55:00  468.8935  469.2201
2020-08-20 11:50:00  469.2200  468.8612
2020-08-20 11:45:00  469.4100  469.2367

[100 rows x 2 columns]
            1. open  4. close
Date                         
2020-08-20   432.80    473.10
2020-07-31   365.12    425.04
2020-06-30   317.75    364.80
2020-05-29   286.25    317.94
2020-04-30   246.50    293.80
...             ...       ...
2000-04-28   135.50    124.06
2000-03-31   118.56    135.81
2000-02-29   104.00    114.62
2000-01-31   104.87    103.75
1999-12-31   101.00    102.81

[249 rows x 2 columns]
===========
